# JRE version: OpenJDK Runtime Environment (7.0_79-b14) (build 1.7.0_79-b14)
# Java VM: OpenJDK 64-Bit Server VM (24.79-b02 mixed mode linux-amd64 compressed oops)
Heap
 PSYoungGen      total 164864K, used 142386K [0x00000000f5500000, 0x00000000ffe00000, 0x0000000100000000)
  eden space 157696K, 90% used [0x00000000f5500000,0x00000000fdfd4948,0x00000000fef00000)
  from space 7168K, 3% used [0x00000000ff700000,0x00000000ff738000,0x00000000ffe00000)
  to   space 7680K, 0% used [0x00000000fef00000,0x00000000fef00000,0x00000000ff680000)
 ParOldGen       total 165376K, used 37265K [0x00000000e0000000, 0x00000000ea180000, 0x00000000f5500000)
  object space 165376K, 22% used [0x00000000e0000000,0x00000000e24646a8,0x00000000ea180000)
 PSPermGen       total 262144K, used 259567K [0x00000000d0000000, 0x00000000e0000000, 0x00000000e0000000)
  object space 262144K, 99% used [0x00000000d0000000,0x00000000dfd7bdc0,0x00000000e0000000)
GC Heap History (10 events):
Event: 4207.518 GC heap before
{Heap before GC invocations=397 (full 13):
 PSYoungGen      total 161280K, used 149600K [0x00000000f5500000, 0x0000000100000000, 0x0000000100000000)
  eden space 149504K, 100% used [0x00000000f5500000,0x00000000fe700000,0x00000000fe700000)
  from space 11776K, 0% used [0x00000000fe700000,0x00000000fe718000,0x00000000ff280000)
  to   space 11264K, 0% used [0x00000000ff500000,0x00000000ff500000,0x0000000100000000)
 ParOldGen       total 165376K, used 37233K [0x00000000e0000000, 0x00000000ea180000, 0x00000000f5500000)
  object space 165376K, 22% used [0x00000000e0000000,0x00000000e245c6a8,0x00000000ea180000)
 PSPermGen       total 262144K, used 259333K [0x00000000d0000000, 0x00000000e0000000, 0x00000000e0000000)
  object space 262144K, 98% used [0x00000000d0000000,0x00000000dfd41560,0x00000000e0000000)
Event: 4207.521 GC heap after
Heap after GC invocations=397 (full 13):
 PSYoungGen      total 160768K, used 192K [0x00000000f5500000, 0x00000000ffd80000, 0x0000000100000000)
  eden space 152064K, 0% used [0x00000000f5500000,0x00000000f5500000,0x00000000fe980000)
  from space 8704K, 2% used [0x00000000ff500000,0x00000000ff530000,0x00000000ffd80000)
  to   space 10240K, 0% used [0x00000000fe980000,0x00000000fe980000,0x00000000ff380000)
 ParOldGen       total 165376K, used 37233K [0x00000000e0000000, 0x00000000ea180000, 0x00000000f5500000)
  object space 165376K, 22% used [0x00000000e0000000,0x00000000e245c6a8,0x00000000ea180000)
 PSPermGen       total 262144K, used 259333K [0x00000000d0000000, 0x00000000e0000000, 0x00000000e0000000)
  object space 262144K, 98% used [0x00000000d0000000,0x00000000dfd41560,0x00000000e0000000)
}
Event: 4207.677 GC heap before
{Heap before GC invocations=398 (full 13):
 PSYoungGen      total 160768K, used 152256K [0x00000000f5500000, 0x00000000ffd80000, 0x0000000100000000)
  eden space 152064K, 100% used [0x00000000f5500000,0x00000000fe980000,0x00000000fe980000)
  from space 8704K, 2% used [0x00000000ff500000,0x00000000ff530000,0x00000000ffd80000)
  to   space 10240K, 0% used [0x00000000fe980000,0x00000000fe980000,0x00000000ff380000)
 ParOldGen       total 165376K, used 37233K [0x00000000e0000000, 0x00000000ea180000, 0x00000000f5500000)
  object space 165376K, 22% used [0x00000000e0000000,0x00000000e245c6a8,0x00000000ea180000)
 PSPermGen       total 262144K, used 259335K [0x00000000d0000000, 0x00000000e0000000, 0x00000000e0000000)
  object space 262144K, 98% used [0x00000000d0000000,0x00000000dfd41e50,0x00000000e0000000)
Event: 4207.680 GC heap after
Heap after GC invocations=398 (full 13):
 PSYoungGen      total 162304K, used 288K [0x00000000f5500000, 0x0000000100000000, 0x0000000100000000)
  eden space 152064K, 0% used [0x00000000f5500000,0x00000000f5500000,0x00000000fe980000)
  from space 10240K, 2% used [0x00000000fe980000,0x00000000fe9c8000,0x00000000ff380000)
  to   space 9728K, 0% used [0x00000000ff680000,0x00000000ff680000,0x0000000100000000)
 ParOldGen       total 165376K, used 37233K [0x00000000e0000000, 0x00000000ea180000, 0x00000000f5500000)
  object space 165376K, 22% used [0x00000000e0000000,0x00000000e245c6a8,0x00000000ea180000)
 PSPermGen       total 262144K, used 259335K [0x00000000d0000000, 0x00000000e0000000, 0x00000000e0000000)
  object space 262144K, 98% used [0x00000000d0000000,0x00000000dfd41e50,0x00000000e0000000)
}
Event: 4207.824 GC heap before
{Heap before GC invocations=399 (full 13):
 PSYoungGen      total 162304K, used 152352K [0x00000000f5500000, 0x0000000100000000, 0x0000000100000000)
  eden space 152064K, 100% used [0x00000000f5500000,0x00000000fe980000,0x00000000fe980000)
  from space 10240K, 2% used [0x00000000fe980000,0x00000000fe9c8000,0x00000000ff380000)
  to   space 9728K, 0% used [0x00000000ff680000,0x00000000ff680000,0x0000000100000000)
 ParOldGen       total 165376K, used 37233K [0x00000000e0000000, 0x00000000ea180000, 0x00000000f5500000)
  object space 165376K, 22% used [0x00000000e0000000,0x00000000e245c6a8,0x00000000ea180000)
 PSPermGen       total 262144K, used 259335K [0x00000000d0000000, 0x00000000e0000000, 0x00000000e0000000)
  object space 262144K, 98% used [0x00000000d0000000,0x00000000dfd41f18,0x00000000e0000000)
Event: 4207.827 GC heap after
Heap after GC invocations=399 (full 13):
 PSYoungGen      total 163328K, used 224K [0x00000000f5500000, 0x00000000ffe80000, 0x0000000100000000)
  eden space 155136K, 0% used [0x00000000f5500000,0x00000000f5500000,0x00000000fec80000)
  from space 8192K, 2% used [0x00000000ff680000,0x00000000ff6b8000,0x00000000ffe80000)
  to   space 9216K, 0% used [0x00000000fec80000,0x00000000fec80000,0x00000000ff580000)
 ParOldGen       total 165376K, used 37241K [0x00000000e0000000, 0x00000000ea180000, 0x00000000f5500000)
  object space 165376K, 22% used [0x00000000e0000000,0x00000000e245e6a8,0x00000000ea180000)
 PSPermGen       total 262144K, used 259335K [0x00000000d0000000, 0x00000000e0000000, 0x00000000e0000000)
  object space 262144K, 98% used [0x00000000d0000000,0x00000000dfd41f18,0x00000000e0000000)
}
Event: 4207.993 GC heap before
{Heap before GC invocations=400 (full 13):
 PSYoungGen      total 163328K, used 155360K [0x00000000f5500000, 0x00000000ffe80000, 0x0000000100000000)
  eden space 155136K, 100% used [0x00000000f5500000,0x00000000fec80000,0x00000000fec80000)
  from space 8192K, 2% used [0x00000000ff680000,0x00000000ff6b8000,0x00000000ffe80000)
  to   space 9216K, 0% used [0x00000000fec80000,0x00000000fec80000,0x00000000ff580000)
 ParOldGen       total 165376K, used 37241K [0x00000000e0000000, 0x00000000ea180000, 0x00000000f5500000)
  object space 165376K, 22% used [0x00000000e0000000,0x00000000e245e6a8,0x00000000ea180000)
 PSPermGen       total 262144K, used 259480K [0x00000000d0000000, 0x00000000e0000000, 0x00000000e0000000)
  object space 262144K, 98% used [0x00000000d0000000,0x00000000dfd663d8,0x00000000e0000000)
Event: 4207.996 GC heap after
Heap after GC invocations=400 (full 13):
 PSYoungGen      total 164352K, used 288K [0x00000000f5500000, 0x00000000fff00000, 0x0000000100000000)
  eden space 155136K, 0% used [0x00000000f5500000,0x00000000f5500000,0x00000000fec80000)
  from space 9216K, 3% used [0x00000000fec80000,0x00000000fecc8000,0x00000000ff580000)
  to   space 8192K, 0% used [0x00000000ff700000,0x00000000ff700000,0x00000000fff00000)
 ParOldGen       total 165376K, used 37241K [0x00000000e0000000, 0x00000000ea180000, 0x00000000f5500000)
  object space 165376K, 22% used [0x00000000e0000000,0x00000000e245e6a8,0x00000000ea180000)
 PSPermGen       total 262144K, used 259480K [0x00000000d0000000, 0x00000000e0000000, 0x00000000e0000000)
  object space 262144K, 98% used [0x00000000d0000000,0x00000000dfd663d8,0x00000000e0000000)
}
Event: 4208.131 GC heap before
{Heap before GC invocations=401 (full 13):
 PSYoungGen      total 164352K, used 155424K [0x00000000f5500000, 0x00000000fff00000, 0x0000000100000000)
  eden space 155136K, 100% used [0x00000000f5500000,0x00000000fec80000,0x00000000fec80000)
  from space 9216K, 3% used [0x00000000fec80000,0x00000000fecc8000,0x00000000ff580000)
  to   space 8192K, 0% used [0x00000000ff700000,0x00000000ff700000,0x00000000fff00000)
 ParOldGen       total 165376K, used 37241K [0x00000000e0000000, 0x00000000ea180000, 0x00000000f5500000)
  object space 165376K, 22% used [0x00000000e0000000,0x00000000e245e6a8,0x00000000ea180000)
 PSPermGen       total 262144K, used 259483K [0x00000000d0000000, 0x00000000e0000000, 0x00000000e0000000)
  object space 262144K, 98% used [0x00000000d0000000,0x00000000dfd66c58,0x00000000e0000000)
Event: 4208.134 GC heap after
Heap after GC invocations=401 (full 13):
 PSYoungGen      total 164864K, used 224K [0x00000000f5500000, 0x00000000ffe00000, 0x0000000100000000)
  eden space 157696K, 0% used [0x00000000f5500000,0x00000000f5500000,0x00000000fef00000)
  from space 7168K, 3% used [0x00000000ff700000,0x00000000ff738000,0x00000000ffe00000)
  to   space 7680K, 0% used [0x00000000fef00000,0x00000000fef00000,0x00000000ff680000)
 ParOldGen       total 165376K, used 37265K [0x00000000e0000000, 0x00000000ea180000, 0x00000000f5500000)
  object space 165376K, 22% used [0x00000000e0000000,0x00000000e24646a8,0x00000000ea180000)
 PSPermGen       total 262144K, used 259483K [0x00000000d0000000, 0x00000000e0000000, 0x00000000e0000000)
  object space 262144K, 98% used [0x00000000d0000000,0x00000000dfd66c58,0x00000000e0000000)
}

